Arguments: 
  /usr/local/bin/node /usr/local/Cellar/yarn/1.17.3/libexec/bin/yarn.js add moment uuid

PATH: 
  /opt/firefox/firefox:/usr/local/bin:/usr/bin:/bin:/usr/sbin:/sbin:/Users/sheenazien/.composer/vendor/bin

Yarn version: 
  1.17.3

Node version: 
  10.16.0

Platform: 
  darwin x64

Trace: 
  Error: getaddrinfo ENOTFOUND registry.yarnpkg.com registry.yarnpkg.com:443
      at GetAddrInfoReqWrap.onlookup [as oncomplete] (dns.js:56:26)

npm manifest: 
  {
    "name": "personal-blog",
    "version": "1.0.0",
    "description": "Learn ES6",
    "main": "index.js",
    "author": "sheenazien",
    "license": "ISC"
  }

yarn manifest: 
  No manifest

Lockfile: 
  No lockfile
